{"level":"\u001b[32minfo\u001b[39m","message":"{\"method\":\"POST\",\"url\":\"/api/user/seller/register\",\"status\":\"200\",\"responseTime\":\"3.017\"}","timestamp":"2024-09-13T09:03:47.043Z"}
{"level":"\u001b[32minfo\u001b[39m","message":"{\"method\":\"POST\",\"url\":\"/api/user/seller/register\",\"status\":\"200\",\"responseTime\":\"0.207\"}","timestamp":"2024-09-13T09:03:47.046Z"}
{"level":"\u001b[32minfo\u001b[39m","message":"{\"method\":\"POST\",\"url\":\"/api/user/seller/register\",\"status\":\"200\",\"responseTime\":\"0.222\"}","timestamp":"2024-09-13T09:05:30.634Z"}
{"level":"\u001b[32minfo\u001b[39m","message":"{\"method\":\"POST\",\"url\":\"/api/user/seller/register\",\"status\":\"500\",\"responseTime\":\"173.942\"}","timestamp":"2024-09-13T09:07:13.189Z"}
{"level":"\u001b[32minfo\u001b[39m","message":"{\"method\":\"POST\",\"url\":\"/api/user/seller/register\",\"status\":\"500\",\"responseTime\":\"134.599\"}","timestamp":"2024-09-13T09:10:26.350Z"}
{"level":"\u001b[32minfo\u001b[39m","message":"{\"method\":\"POST\",\"url\":\"/api/user/seller/register\",\"status\":\"201\",\"responseTime\":\"117.870\"}","timestamp":"2024-09-13T09:16:10.492Z"}
{"level":"\u001b[32minfo\u001b[39m","message":"{\"method\":\"POST\",\"url\":\"/api/user/seller/login\",\"status\":\"500\",\"responseTime\":\"169.303\"}","timestamp":"2024-09-13T09:35:54.400Z"}
{"level":"\u001b[32minfo\u001b[39m","message":"{\"method\":\"POST\",\"url\":\"/api/user/seller/login\",\"status\":\"200\",\"responseTime\":\"116.897\"}","timestamp":"2024-09-13T09:36:37.190Z"}
{"level":"\u001b[32minfo\u001b[39m","message":"{\"method\":\"POST\",\"url\":\"/api/user/seller/register\",\"status\":\"404\",\"responseTime\":\"59.926\"}","timestamp":"2024-09-13T09:38:47.384Z"}
{"level":"\u001b[32minfo\u001b[39m","message":"{\"method\":\"POST\",\"url\":\"/api/user/seller/register\",\"status\":\"201\",\"responseTime\":\"67.454\"}","timestamp":"2024-09-13T09:38:56.347Z"}
{"level":"\u001b[32minfo\u001b[39m","message":"{\"method\":\"POST\",\"url\":\"/api/user/seller/login\",\"status\":\"200\",\"responseTime\":\"67.443\"}","timestamp":"2024-09-13T09:39:29.175Z"}
{"level":"\u001b[32minfo\u001b[39m","message":"{\"method\":\"POST\",\"url\":\"/api/user/seller/login\",\"status\":\"200\",\"responseTime\":\"59.164\"}","timestamp":"2024-09-13T09:42:02.026Z"}
{"level":"\u001b[32minfo\u001b[39m","message":"{\"method\":\"POST\",\"url\":\"/api/user/seller/623be10d-3c33-46d5-be59-0f5959d66f6f/add-Products\",\"status\":\"500\",\"responseTime\":\"6.870\"}","timestamp":"2024-09-13T10:19:12.235Z"}
{"level":"\u001b[32minfo\u001b[39m","message":"{\"method\":\"POST\",\"url\":\"/api/user/seller/623be10d-3c33-46d5-be59-0f5959d66f6f/add-Products\",\"status\":\"500\",\"responseTime\":\"85.842\"}","timestamp":"2024-09-13T10:19:43.529Z"}
{"level":"\u001b[32minfo\u001b[39m","message":"{\"method\":\"POST\",\"url\":\"/api/user/seller/623be10d-3c33-46d5-be59-0f5959d66f6f/add-Products\",\"status\":\"500\",\"responseTime\":\"11.130\"}","timestamp":"2024-09-13T10:20:54.770Z"}
{"level":"\u001b[32minfo\u001b[39m","message":"{\"method\":\"POST\",\"url\":\"/api/user/seller/623be10d-3c33-46d5-be59-0f5959d66f6f/add-Products\",\"status\":\"500\",\"responseTime\":\"2.882\"}","timestamp":"2024-09-13T10:22:10.726Z"}
{"level":"\u001b[32minfo\u001b[39m","message":"{\"method\":\"POST\",\"url\":\"/api/user/seller/623be10d-3c33-46d5-be59-0f5959d66f6f/add-Products\",\"status\":\"500\",\"responseTime\":\"114.849\"}","timestamp":"2024-09-13T10:28:20.748Z"}
{"level":"\u001b[32minfo\u001b[39m","message":"{\"method\":\"POST\",\"url\":\"/api/user/seller/623be10d-3c33-46d5-be59-0f5959d66f6f/add-Products\",\"status\":\"500\",\"responseTime\":\"56.000\"}","timestamp":"2024-09-13T10:34:27.223Z"}
{"level":"\u001b[32minfo\u001b[39m","message":"{\"method\":\"POST\",\"url\":\"/api/user/seller/623be10d-3c33-46d5-be59-0f5959d66f6f/add-Products\",\"status\":\"500\",\"responseTime\":\"20.261\"}","timestamp":"2024-09-13T10:35:24.389Z"}
{"level":"\u001b[32minfo\u001b[39m","message":"{\"method\":\"POST\",\"url\":\"/api/user/seller/623be10d-3c33-46d5-be59-0f5959d66f6f/add-Products\",\"status\":\"500\",\"responseTime\":\"95.662\"}","timestamp":"2024-09-13T10:47:52.472Z"}
{"level":"\u001b[32minfo\u001b[39m","message":"{\"method\":\"POST\",\"url\":\"/api/user/seller/623be10d-3c33-46d5-be59-0f5959d66f6f/add-Products\",\"status\":\"500\",\"responseTime\":\"5.073\"}","timestamp":"2024-09-13T10:48:34.655Z"}
{"level":"\u001b[32minfo\u001b[39m","message":"{\"method\":\"POST\",\"url\":\"/api/user/seller/623be10d-3c33-46d5-be59-0f5959d66f6f/add-Products\",\"status\":\"500\",\"responseTime\":\"70.867\"}","timestamp":"2024-09-13T10:51:07.561Z"}
{"level":"\u001b[32minfo\u001b[39m","message":"{\"method\":\"POST\",\"url\":\"/api/user/seller/623be10d-3c33-46d5-be59-0f5959d66f6f/add-Products\",\"status\":\"201\",\"responseTime\":\"73.199\"}","timestamp":"2024-09-13T10:52:38.146Z"}
{"level":"\u001b[32minfo\u001b[39m","message":"{\"method\":\"POST\",\"url\":\"/api/user/register\",\"status\":\"201\",\"responseTime\":\"193.906\"}","timestamp":"2024-09-13T10:57:36.850Z"}
{"level":"\u001b[32minfo\u001b[39m","message":"{\"method\":\"POST\",\"url\":\"/api/user/login\",\"status\":\"200\",\"responseTime\":\"66.358\"}","timestamp":"2024-09-13T10:58:17.960Z"}
{"level":"\u001b[32minfo\u001b[39m","message":"{\"method\":\"POST\",\"url\":\"/api/user/seller/ed139994-c67e-4745-b337-85829fc9adbd/add-Products\",\"status\":\"500\",\"responseTime\":\"63.905\"}","timestamp":"2024-09-13T10:58:53.877Z"}
{"level":"\u001b[32minfo\u001b[39m","message":"{\"method\":\"POST\",\"url\":\"/api/user/seller/ed139994-c67e-4745-b337-85829fc9adbd/add-Products\",\"status\":\"500\",\"responseTime\":\"5.325\"}","timestamp":"2024-09-13T11:00:08.277Z"}
{"level":"\u001b[32minfo\u001b[39m","message":"{\"method\":\"POST\",\"url\":\"/api/user/seller/ed139994-c67e-4745-b337-85829fc9adbd/add-Products\",\"status\":\"201\",\"responseTime\":\"70.191\"}","timestamp":"2024-09-13T11:01:20.405Z"}
{"level":"\u001b[32minfo\u001b[39m","message":"{\"method\":\"PATCH\",\"url\":\"/api/user/seller/bb8783a2-1ce3-488e-916a-49ab280954c0/update-Product\",\"status\":\"500\",\"responseTime\":\"7.453\"}","timestamp":"2024-09-13T11:16:02.714Z"}
{"level":"\u001b[32minfo\u001b[39m","message":"{\"method\":\"PATCH\",\"url\":\"/api/user/seller/bb8783a2-1ce3-488e-916a-49ab280954c0/update-Product\",\"status\":\"200\",\"responseTime\":\"111.730\"}","timestamp":"2024-09-13T11:16:23.629Z"}
{"level":"\u001b[32minfo\u001b[39m","message":"{\"method\":\"POST\",\"url\":\"/api/user/seller/ed139994-c67e-4745-b337-85829fc9adbd/add-Product\",\"status\":\"201\",\"responseTime\":\"131.425\"}","timestamp":"2024-09-13T11:23:11.469Z"}
{"level":"\u001b[32minfo\u001b[39m","message":"{\"method\":\"DELETE\",\"url\":\"/api/user/seller/6c24e8fa-94e4-4e5e-982d-0aca6489928e/delete-Products\",\"status\":\"404\",\"responseTime\":\"2.224\"}","timestamp":"2024-09-13T11:30:04.462Z"}
{"level":"\u001b[32minfo\u001b[39m","message":"{\"method\":\"DELETE\",\"url\":\"/api/user/seller/6c24e8fa-94e4-4e5e-982d-0aca6489928e/delete-Product\",\"status\":\"200\",\"responseTime\":\"115.057\"}","timestamp":"2024-09-13T11:30:19.448Z"}
