{"level":"\u001b[32minfo\u001b[39m","message":"{\"method\":\"POST\",\"url\":\"/api/user/seller/register\",\"status\":\"200\",\"responseTime\":\"3.017\"}","timestamp":"2024-09-13T09:03:47.043Z"}
{"level":"\u001b[32minfo\u001b[39m","message":"{\"method\":\"POST\",\"url\":\"/api/user/seller/register\",\"status\":\"200\",\"responseTime\":\"0.207\"}","timestamp":"2024-09-13T09:03:47.046Z"}
{"level":"\u001b[32minfo\u001b[39m","message":"{\"method\":\"POST\",\"url\":\"/api/user/seller/register\",\"status\":\"200\",\"responseTime\":\"0.222\"}","timestamp":"2024-09-13T09:05:30.634Z"}
{"level":"\u001b[32minfo\u001b[39m","message":"{\"method\":\"POST\",\"url\":\"/api/user/seller/register\",\"status\":\"500\",\"responseTime\":\"173.942\"}","timestamp":"2024-09-13T09:07:13.189Z"}
{"level":"\u001b[32minfo\u001b[39m","message":"{\"method\":\"POST\",\"url\":\"/api/user/seller/register\",\"status\":\"500\",\"responseTime\":\"134.599\"}","timestamp":"2024-09-13T09:10:26.350Z"}
{"level":"\u001b[32minfo\u001b[39m","message":"{\"method\":\"POST\",\"url\":\"/api/user/seller/register\",\"status\":\"201\",\"responseTime\":\"117.870\"}","timestamp":"2024-09-13T09:16:10.492Z"}
{"level":"\u001b[32minfo\u001b[39m","message":"{\"method\":\"POST\",\"url\":\"/api/user/seller/login\",\"status\":\"500\",\"responseTime\":\"169.303\"}","timestamp":"2024-09-13T09:35:54.400Z"}
{"level":"\u001b[32minfo\u001b[39m","message":"{\"method\":\"POST\",\"url\":\"/api/user/seller/login\",\"status\":\"200\",\"responseTime\":\"116.897\"}","timestamp":"2024-09-13T09:36:37.190Z"}
{"level":"\u001b[32minfo\u001b[39m","message":"{\"method\":\"POST\",\"url\":\"/api/user/seller/register\",\"status\":\"404\",\"responseTime\":\"59.926\"}","timestamp":"2024-09-13T09:38:47.384Z"}
{"level":"\u001b[32minfo\u001b[39m","message":"{\"method\":\"POST\",\"url\":\"/api/user/seller/register\",\"status\":\"201\",\"responseTime\":\"67.454\"}","timestamp":"2024-09-13T09:38:56.347Z"}
{"level":"\u001b[32minfo\u001b[39m","message":"{\"method\":\"POST\",\"url\":\"/api/user/seller/login\",\"status\":\"200\",\"responseTime\":\"67.443\"}","timestamp":"2024-09-13T09:39:29.175Z"}
{"level":"\u001b[32minfo\u001b[39m","message":"{\"method\":\"POST\",\"url\":\"/api/user/seller/login\",\"status\":\"200\",\"responseTime\":\"59.164\"}","timestamp":"2024-09-13T09:42:02.026Z"}
{"level":"\u001b[32minfo\u001b[39m","message":"{\"method\":\"POST\",\"url\":\"/api/user/seller/623be10d-3c33-46d5-be59-0f5959d66f6f/add-Products\",\"status\":\"500\",\"responseTime\":\"6.870\"}","timestamp":"2024-09-13T10:19:12.235Z"}
{"level":"\u001b[32minfo\u001b[39m","message":"{\"method\":\"POST\",\"url\":\"/api/user/seller/623be10d-3c33-46d5-be59-0f5959d66f6f/add-Products\",\"status\":\"500\",\"responseTime\":\"85.842\"}","timestamp":"2024-09-13T10:19:43.529Z"}
{"level":"\u001b[32minfo\u001b[39m","message":"{\"method\":\"POST\",\"url\":\"/api/user/seller/623be10d-3c33-46d5-be59-0f5959d66f6f/add-Products\",\"status\":\"500\",\"responseTime\":\"11.130\"}","timestamp":"2024-09-13T10:20:54.770Z"}
{"level":"\u001b[32minfo\u001b[39m","message":"{\"method\":\"POST\",\"url\":\"/api/user/seller/623be10d-3c33-46d5-be59-0f5959d66f6f/add-Products\",\"status\":\"500\",\"responseTime\":\"2.882\"}","timestamp":"2024-09-13T10:22:10.726Z"}
{"level":"\u001b[32minfo\u001b[39m","message":"{\"method\":\"POST\",\"url\":\"/api/user/seller/623be10d-3c33-46d5-be59-0f5959d66f6f/add-Products\",\"status\":\"500\",\"responseTime\":\"114.849\"}","timestamp":"2024-09-13T10:28:20.748Z"}
{"level":"\u001b[32minfo\u001b[39m","message":"{\"method\":\"POST\",\"url\":\"/api/user/seller/623be10d-3c33-46d5-be59-0f5959d66f6f/add-Products\",\"status\":\"500\",\"responseTime\":\"56.000\"}","timestamp":"2024-09-13T10:34:27.223Z"}
{"level":"\u001b[32minfo\u001b[39m","message":"{\"method\":\"POST\",\"url\":\"/api/user/seller/623be10d-3c33-46d5-be59-0f5959d66f6f/add-Products\",\"status\":\"500\",\"responseTime\":\"20.261\"}","timestamp":"2024-09-13T10:35:24.389Z"}
{"level":"\u001b[32minfo\u001b[39m","message":"{\"method\":\"POST\",\"url\":\"/api/user/seller/623be10d-3c33-46d5-be59-0f5959d66f6f/add-Products\",\"status\":\"500\",\"responseTime\":\"95.662\"}","timestamp":"2024-09-13T10:47:52.472Z"}
{"level":"\u001b[32minfo\u001b[39m","message":"{\"method\":\"POST\",\"url\":\"/api/user/seller/623be10d-3c33-46d5-be59-0f5959d66f6f/add-Products\",\"status\":\"500\",\"responseTime\":\"5.073\"}","timestamp":"2024-09-13T10:48:34.655Z"}
{"level":"\u001b[32minfo\u001b[39m","message":"{\"method\":\"POST\",\"url\":\"/api/user/seller/623be10d-3c33-46d5-be59-0f5959d66f6f/add-Products\",\"status\":\"500\",\"responseTime\":\"70.867\"}","timestamp":"2024-09-13T10:51:07.561Z"}
{"level":"\u001b[32minfo\u001b[39m","message":"{\"method\":\"POST\",\"url\":\"/api/user/seller/623be10d-3c33-46d5-be59-0f5959d66f6f/add-Products\",\"status\":\"201\",\"responseTime\":\"73.199\"}","timestamp":"2024-09-13T10:52:38.146Z"}
{"level":"\u001b[32minfo\u001b[39m","message":"{\"method\":\"POST\",\"url\":\"/api/user/register\",\"status\":\"201\",\"responseTime\":\"193.906\"}","timestamp":"2024-09-13T10:57:36.850Z"}
{"level":"\u001b[32minfo\u001b[39m","message":"{\"method\":\"POST\",\"url\":\"/api/user/login\",\"status\":\"200\",\"responseTime\":\"66.358\"}","timestamp":"2024-09-13T10:58:17.960Z"}
{"level":"\u001b[32minfo\u001b[39m","message":"{\"method\":\"POST\",\"url\":\"/api/user/seller/ed139994-c67e-4745-b337-85829fc9adbd/add-Products\",\"status\":\"500\",\"responseTime\":\"63.905\"}","timestamp":"2024-09-13T10:58:53.877Z"}
{"level":"\u001b[32minfo\u001b[39m","message":"{\"method\":\"POST\",\"url\":\"/api/user/seller/ed139994-c67e-4745-b337-85829fc9adbd/add-Products\",\"status\":\"500\",\"responseTime\":\"5.325\"}","timestamp":"2024-09-13T11:00:08.277Z"}
{"level":"\u001b[32minfo\u001b[39m","message":"{\"method\":\"POST\",\"url\":\"/api/user/seller/ed139994-c67e-4745-b337-85829fc9adbd/add-Products\",\"status\":\"201\",\"responseTime\":\"70.191\"}","timestamp":"2024-09-13T11:01:20.405Z"}
{"level":"\u001b[32minfo\u001b[39m","message":"{\"method\":\"PATCH\",\"url\":\"/api/user/seller/bb8783a2-1ce3-488e-916a-49ab280954c0/update-Product\",\"status\":\"500\",\"responseTime\":\"7.453\"}","timestamp":"2024-09-13T11:16:02.714Z"}
{"level":"\u001b[32minfo\u001b[39m","message":"{\"method\":\"PATCH\",\"url\":\"/api/user/seller/bb8783a2-1ce3-488e-916a-49ab280954c0/update-Product\",\"status\":\"200\",\"responseTime\":\"111.730\"}","timestamp":"2024-09-13T11:16:23.629Z"}
{"level":"\u001b[32minfo\u001b[39m","message":"{\"method\":\"POST\",\"url\":\"/api/user/seller/ed139994-c67e-4745-b337-85829fc9adbd/add-Product\",\"status\":\"201\",\"responseTime\":\"131.425\"}","timestamp":"2024-09-13T11:23:11.469Z"}
{"level":"\u001b[32minfo\u001b[39m","message":"{\"method\":\"DELETE\",\"url\":\"/api/user/seller/6c24e8fa-94e4-4e5e-982d-0aca6489928e/delete-Products\",\"status\":\"404\",\"responseTime\":\"2.224\"}","timestamp":"2024-09-13T11:30:04.462Z"}
{"level":"\u001b[32minfo\u001b[39m","message":"{\"method\":\"DELETE\",\"url\":\"/api/user/seller/6c24e8fa-94e4-4e5e-982d-0aca6489928e/delete-Product\",\"status\":\"200\",\"responseTime\":\"115.057\"}","timestamp":"2024-09-13T11:30:19.448Z"}
{"level":"\u001b[32minfo\u001b[39m","message":"{\"method\":\"POST\",\"url\":\"/api/user/register\",\"status\":\"201\",\"responseTime\":\"169.179\"}","timestamp":"2024-09-13T11:36:14.823Z"}
{"level":"\u001b[32minfo\u001b[39m","message":"{\"method\":\"POST\",\"url\":\"/api/user/login\",\"status\":\"200\",\"responseTime\":\"61.879\"}","timestamp":"2024-09-13T11:36:34.889Z"}
{"level":"\u001b[32minfo\u001b[39m","message":"{\"method\":\"GET\",\"url\":\"/api/user/buyer/get-Products\",\"status\":\"404\",\"responseTime\":\"1.836\"}","timestamp":"2024-09-13T12:11:07.222Z"}
{"level":"\u001b[32minfo\u001b[39m","message":"{\"method\":\"GET\",\"url\":\"/api/user/buyer/get-Products\",\"status\":\"404\",\"responseTime\":\"0.942\"}","timestamp":"2024-09-13T12:12:13.743Z"}
{"level":"\u001b[32minfo\u001b[39m","message":"{\"method\":\"GET\",\"url\":\"/api/user/buyer/get-Products\",\"status\":\"404\",\"responseTime\":\"0.463\"}","timestamp":"2024-09-13T12:13:53.676Z"}
{"level":"\u001b[32minfo\u001b[39m","message":"{\"method\":\"GET\",\"url\":\"/api/user/buyer/get-Products\",\"status\":\"404\",\"responseTime\":\"0.326\"}","timestamp":"2024-09-13T12:15:36.055Z"}
{"level":"\u001b[32minfo\u001b[39m","message":"{\"method\":\"GET\",\"url\":\"/api/user/buyer/get-Products\",\"status\":\"404\",\"responseTime\":\"0.338\"}","timestamp":"2024-09-13T12:15:42.089Z"}
{"level":"\u001b[32minfo\u001b[39m","message":"{\"method\":\"GET\",\"url\":\"/api/user/buyer/get-Products\",\"status\":\"404\",\"responseTime\":\"2.557\"}","timestamp":"2024-09-13T12:19:45.873Z"}
{"level":"\u001b[32minfo\u001b[39m","message":"{\"method\":\"GET\",\"url\":\"/app/user/buyer/get-Products\",\"status\":\"200\",\"responseTime\":\"111.257\"}","timestamp":"2024-09-13T12:21:12.239Z"}
{"level":"\u001b[32minfo\u001b[39m","message":"{\"method\":\"POST\",\"url\":\"/api/user/seller/ed139994-c67e-4745-b337-85829fc9adbd/add-Product\",\"status\":\"201\",\"responseTime\":\"60.771\"}","timestamp":"2024-09-13T12:21:32.068Z"}
{"level":"\u001b[32minfo\u001b[39m","message":"{\"method\":\"GET\",\"url\":\"/app/user/buyer/get-Products\",\"status\":\"200\",\"responseTime\":\"5.906\"}","timestamp":"2024-09-13T12:21:43.339Z"}
{"level":"\u001b[32minfo\u001b[39m","message":"{\"method\":\"POST\",\"url\":\"/app/user/buyer/add-To-Cart/bb8783a2-1ce3-488e-916a-49ab280954c0\",\"status\":\"500\",\"responseTime\":\"77.711\"}","timestamp":"2024-09-13T13:56:42.799Z"}
{"level":"\u001b[32minfo\u001b[39m","message":"{\"method\":\"GET\",\"url\":\"/app/user/buyer/get-Products\",\"status\":\"200\",\"responseTime\":\"24.317\"}","timestamp":"2024-09-13T13:58:13.905Z"}
{"level":"\u001b[32minfo\u001b[39m","message":"{\"method\":\"POST\",\"url\":\"/app/user/buyer/add-To-Cart/bb8783a2-1ce3-488e-916a-49ab280954c0\",\"status\":\"500\",\"responseTime\":\"2.510\"}","timestamp":"2024-09-13T13:58:20.885Z"}
{"level":"\u001b[32minfo\u001b[39m","message":"{\"method\":\"POST\",\"url\":\"/app/user/buyer/add-To-Cart/bb8783a2-1ce3-488e-916a-49ab280954c0\",\"status\":\"500\",\"responseTime\":\"91.744\"}","timestamp":"2024-09-13T14:02:54.124Z"}
{"level":"\u001b[32minfo\u001b[39m","message":"{\"method\":\"POST\",\"url\":\"/app/user/buyer/add-To-Cart/bb8783a2-1ce3-488e-916a-49ab280954c0\",\"status\":\"400\",\"responseTime\":\"4.786\"}","timestamp":"2024-09-13T14:04:18.274Z"}
{"level":"\u001b[32minfo\u001b[39m","message":"{\"method\":\"POST\",\"url\":\"/app/user/buyer/add-To-Cart/bb8783a2-1ce3-488e-916a-49ab280954c0\",\"status\":\"400\",\"responseTime\":\"5.381\"}","timestamp":"2024-09-13T15:09:34.385Z"}
{"level":"\u001b[32minfo\u001b[39m","message":"{\"method\":\"POST\",\"url\":\"/app/user/buyer/add-To-Cart/bb8783a2-1ce3-488e-916a-49ab280954c0\",\"status\":\"400\",\"responseTime\":\"6.640\"}","timestamp":"2024-09-13T15:15:50.118Z"}
{"level":"\u001b[32minfo\u001b[39m","message":"{\"method\":\"POST\",\"url\":\"/app/user/buyer/add-To-Cart/bb8783a2-1ce3-488e-916a-49ab280954c0\",\"status\":\"400\",\"responseTime\":\"6.850\"}","timestamp":"2024-09-13T15:17:33.869Z"}
{"level":"\u001b[32minfo\u001b[39m","message":"{\"method\":\"POST\",\"url\":\"/api/user/login\",\"status\":\"200\",\"responseTime\":\"225.692\"}","timestamp":"2024-09-13T15:27:56.721Z"}
{"level":"\u001b[32minfo\u001b[39m","message":"{\"method\":\"POST\",\"url\":\"/app/user/buyer/add-To-Cart/bb8783a2-1ce3-488e-916a-49ab280954c0\",\"status\":\"400\",\"responseTime\":\"3.567\"}","timestamp":"2024-09-13T15:28:46.866Z"}
{"level":"\u001b[32minfo\u001b[39m","message":"{\"method\":\"POST\",\"url\":\"/api/user/login\",\"status\":\"200\",\"responseTime\":\"123.332\"}","timestamp":"2024-09-13T15:30:41.161Z"}
{"level":"\u001b[32minfo\u001b[39m","message":"{\"method\":\"GET\",\"url\":\"/app/user/buyer/get-Products\",\"status\":\"200\",\"responseTime\":\"61.631\"}","timestamp":"2024-09-13T15:32:36.082Z"}
{"level":"\u001b[32minfo\u001b[39m","message":"{\"method\":\"PATCH\",\"url\":\"/api/user/seller/bb8783a2-1ce3-488e-916a-49ab280954c0/update-Product\",\"status\":\"200\",\"responseTime\":\"68.159\"}","timestamp":"2024-09-13T15:33:12.649Z"}
{"level":"\u001b[32minfo\u001b[39m","message":"{\"method\":\"POST\",\"url\":\"/app/user/buyer/add-To-Cart/bb8783a2-1ce3-488e-916a-49ab280954c0\",\"status\":\"400\",\"responseTime\":\"2.849\"}","timestamp":"2024-09-13T15:34:02.407Z"}
{"level":"\u001b[32minfo\u001b[39m","message":"{\"method\":\"PATCH\",\"url\":\"/api/user/seller/bb8783a2-1ce3-488e-916a-49ab280954c0/update-Product\",\"status\":\"200\",\"responseTime\":\"74.968\"}","timestamp":"2024-09-13T15:36:31.943Z"}
{"level":"\u001b[32minfo\u001b[39m","message":"{\"method\":\"PATCH\",\"url\":\"/api/user/seller/bb8783a2-1ce3-488e-916a-49ab280954c0/update-Product\",\"status\":\"200\",\"responseTime\":\"141.762\"}","timestamp":"2024-09-13T15:38:15.247Z"}
{"level":"\u001b[32minfo\u001b[39m","message":"{\"method\":\"PATCH\",\"url\":\"/api/user/seller/bb8783a2-1ce3-488e-916a-49ab280954c0/update-Product\",\"status\":\"500\",\"responseTime\":\"4.893\"}","timestamp":"2024-09-13T15:40:14.969Z"}
{"level":"\u001b[32minfo\u001b[39m","message":"{\"method\":\"PATCH\",\"url\":\"/api/user/seller/bb8783a2-1ce3-488e-916a-49ab280954c0/update-Product\",\"status\":\"200\",\"responseTime\":\"97.635\"}","timestamp":"2024-09-13T15:45:13.500Z"}
{"level":"\u001b[32minfo\u001b[39m","message":"{\"method\":\"POST\",\"url\":\"/api/user/login\",\"status\":\"200\",\"responseTime\":\"209.225\"}","timestamp":"2024-09-13T15:55:04.567Z"}
{"level":"\u001b[32minfo\u001b[39m","message":"{\"method\":\"POST\",\"url\":\"/app/user/buyer/add-To-Cart/bb8783a2-1ce3-488e-916a-49ab280954c0\",\"status\":\"400\",\"responseTime\":\"7.488\"}","timestamp":"2024-09-13T15:56:00.458Z"}
{"level":"\u001b[32minfo\u001b[39m","message":"{\"method\":\"PATCH\",\"url\":\"/api/user/seller/bb8783a2-1ce3-488e-916a-49ab280954c0/update-Product\",\"status\":\"500\",\"responseTime\":\"5.288\"}","timestamp":"2024-09-13T15:57:04.563Z"}
{"level":"\u001b[32minfo\u001b[39m","message":"{\"method\":\"PATCH\",\"url\":\"/api/user/seller/bb8783a2-1ce3-488e-916a-49ab280954c0/update-Product\",\"status\":\"200\",\"responseTime\":\"153.493\"}","timestamp":"2024-09-13T15:57:17.863Z"}
{"level":"\u001b[32minfo\u001b[39m","message":"{\"method\":\"PATCH\",\"url\":\"/api/user/seller/bb8783a2-1ce3-488e-916a-49ab280954c0/update-Product\",\"status\":\"200\",\"responseTime\":\"73.168\"}","timestamp":"2024-09-13T15:58:43.631Z"}
{"level":"\u001b[32minfo\u001b[39m","message":"{\"method\":\"PATCH\",\"url\":\"/api/user/seller/bb8783a2-1ce3-488e-916a-49ab280954c0/update-Product\",\"status\":\"200\",\"responseTime\":\"89.696\"}","timestamp":"2024-09-13T15:59:10.015Z"}
{"level":"\u001b[32minfo\u001b[39m","message":"{\"method\":\"PATCH\",\"url\":\"/api/user/seller/bb8783a2-1ce3-488e-916a-49ab280954c0/update-Product\",\"status\":\"200\",\"responseTime\":\"79.101\"}","timestamp":"2024-09-13T16:00:38.129Z"}
{"level":"\u001b[32minfo\u001b[39m","message":"{\"method\":\"PATCH\",\"url\":\"/api/user/seller/bb8783a2-1ce3-488e-916a-49ab280954c0/update-Product\",\"status\":\"200\",\"responseTime\":\"85.737\"}","timestamp":"2024-09-13T16:04:27.214Z"}
{"level":"\u001b[32minfo\u001b[39m","message":"{\"method\":\"POST\",\"url\":\"/app/user/buyer/add-To-Cart/bb8783a2-1ce3-488e-916a-49ab280954c0/4bf27eef-6dc3-4a7a-8e84-6a1761078e30\",\"status\":\"404\",\"responseTime\":\"98.355\"}","timestamp":"2024-09-13T16:08:17.103Z"}
{"level":"\u001b[32minfo\u001b[39m","message":"{\"method\":\"POST\",\"url\":\"/app/user/buyer/add-To-Cart/bb8783a2-1ce3-488e-916a-49ab280954c0/4bf27eef-6dc3-4a7a-8e84-6a1761078e30\",\"status\":\"500\",\"responseTime\":\"68.803\"}","timestamp":"2024-09-13T16:14:20.804Z"}
{"level":"\u001b[32minfo\u001b[39m","message":"{\"method\":\"POST\",\"url\":\"/app/user/buyer/add-To-Cart/bb8783a2-1ce3-488e-916a-49ab280954c0/4bf27eef-6dc3-4a7a-8e84-6a1761078e30\",\"status\":\"500\",\"responseTime\":\"98.730\"}","timestamp":"2024-09-13T18:33:33.088Z"}
{"level":"\u001b[32minfo\u001b[39m","message":"{\"method\":\"POST\",\"url\":\"/app/user/buyer/add-To-Cart/bb8783a2-1ce3-488e-916a-49ab280954c0/4bf27eef-6dc3-4a7a-8e84-6a1761078e30\",\"status\":\"500\",\"responseTime\":\"75.466\"}","timestamp":"2024-09-13T18:35:17.062Z"}
{"level":"\u001b[32minfo\u001b[39m","message":"{\"method\":\"POST\",\"url\":\"/app/user/buyer/add-To-Cart/bb8783a2-1ce3-488e-916a-49ab280954c0/4bf27eef-6dc3-4a7a-8e84-6a1761078e30\",\"status\":\"500\",\"responseTime\":\"61.615\"}","timestamp":"2024-09-13T18:36:10.356Z"}
{"level":"\u001b[32minfo\u001b[39m","message":"{\"method\":\"POST\",\"url\":\"/app/user/buyer/add-To-Cart/bb8783a2-1ce3-488e-916a-49ab280954c0/4bf27eef-6dc3-4a7a-8e84-6a1761078e30\",\"status\":\"500\",\"responseTime\":\"92.613\"}","timestamp":"2024-09-13T18:41:00.124Z"}
{"level":"\u001b[32minfo\u001b[39m","message":"{\"method\":\"POST\",\"url\":\"/app/user/buyer/add-To-Cart/bb8783a2-1ce3-488e-916a-49ab280954c0/4bf27eef-6dc3-4a7a-8e84-6a1761078e30\",\"status\":\"500\",\"responseTime\":\"104.090\"}","timestamp":"2024-09-13T18:44:51.303Z"}
{"level":"\u001b[32minfo\u001b[39m","message":"{\"method\":\"POST\",\"url\":\"/app/user/buyer/add-To-Cart/bb8783a2-1ce3-488e-916a-49ab280954c0/4bf27eef-6dc3-4a7a-8e84-6a1761078e30\",\"status\":\"201\",\"responseTime\":\"84.214\"}","timestamp":"2024-09-13T18:49:30.863Z"}
{"level":"\u001b[32minfo\u001b[39m","message":"{\"method\":\"POST\",\"url\":\"/app/user/buyer/add-To-Cart/bb8783a2-1ce3-488e-916a-49ab280954c0/4bf27eef-6dc3-4a7a-8e84-6a1761078e30\",\"status\":\"200\",\"responseTime\":\"116.020\"}","timestamp":"2024-09-13T18:57:50.750Z"}
{"level":"\u001b[32minfo\u001b[39m","message":"{\"method\":\"DELETE\",\"url\":\"/app/user/buyer/remove-Cart/bb8783a2-1ce3-488e-916a-49ab280954c0\",\"status\":\"400\",\"responseTime\":\"5.068\"}","timestamp":"2024-09-13T19:01:28.971Z"}
{"level":"\u001b[32minfo\u001b[39m","message":"{\"method\":\"DELETE\",\"url\":\"/app/user/buyer/remove-Cart/bb8783a2-1ce3-488e-916a-49ab280954c0/4bf27eef-6dc3-4a7a-8e84-6a1761078e30\",\"status\":\"404\",\"responseTime\":\"60.445\"}","timestamp":"2024-09-13T19:04:52.381Z"}
{"level":"\u001b[32minfo\u001b[39m","message":"{\"method\":\"POST\",\"url\":\"/app/user/buyer/add-To-Cart/bb8783a2-1ce3-488e-916a-49ab280954c0/4bf27eef-6dc3-4a7a-8e84-6a1761078e30\",\"status\":\"200\",\"responseTime\":\"82.856\"}","timestamp":"2024-09-13T19:15:02.389Z"}
{"level":"\u001b[32minfo\u001b[39m","message":"{\"method\":\"DELETE\",\"url\":\"/app/user/buyer/remove-Cart/bb8783a2-1ce3-488e-916a-49ab280954c0/46419630-fc28-475e-a8ab-3e319f9cfd85\",\"status\":\"200\",\"responseTime\":\"69.309\"}","timestamp":"2024-09-13T19:22:39.517Z"}
{"level":"\u001b[32minfo\u001b[39m","message":"{\"method\":\"POST\",\"url\":\"/api/user/seller/ed139994-c67e-4745-b337-85829fc9adbd/add-Product\",\"status\":\"201\",\"responseTime\":\"122.903\"}","timestamp":"2024-09-13T19:37:22.045Z"}
{"level":"\u001b[32minfo\u001b[39m","message":"{\"method\":\"POST\",\"url\":\"/api/user/seller/ed139994-c67e-4745-b337-85829fc9adbd/add-Product\",\"status\":\"201\",\"responseTime\":\"15.622\"}","timestamp":"2024-09-13T19:40:40.173Z"}
{"level":"\u001b[32minfo\u001b[39m","message":"{\"method\":\"POST\",\"url\":\"/api/user/seller/ed139994-c67e-4745-b337-85829fc9adbd/add-Product\",\"status\":\"201\",\"responseTime\":\"7.089\"}","timestamp":"2024-09-13T19:41:00.347Z"}
{"level":"\u001b[32minfo\u001b[39m","message":"{\"method\":\"POST\",\"url\":\"/api/user/seller/ed139994-c67e-4745-b337-85829fc9adbd/add-Product\",\"status\":\"201\",\"responseTime\":\"6.356\"}","timestamp":"2024-09-13T19:41:12.360Z"}
{"level":"\u001b[32minfo\u001b[39m","message":"{\"method\":\"POST\",\"url\":\"/api/user/seller/ed139994-c67e-4745-b337-85829fc9adbd/add-Product\",\"status\":\"201\",\"responseTime\":\"7.642\"}","timestamp":"2024-09-13T19:41:26.998Z"}
{"level":"\u001b[32minfo\u001b[39m","message":"{\"method\":\"GET\",\"url\":\"/app/user/buyer/get-Products\",\"status\":\"200\",\"responseTime\":\"64.736\"}","timestamp":"2024-09-13T19:41:32.399Z"}
{"level":"\u001b[32minfo\u001b[39m","message":"{\"method\":\"GET\",\"url\":\"/app/user/buyer/search-Products\",\"status\":\"200\",\"responseTime\":\"10.141\"}","timestamp":"2024-09-13T19:42:37.429Z"}
{"level":"\u001b[32minfo\u001b[39m","message":"{\"method\":\"GET\",\"url\":\"/app/user/buyer/search-Products\",\"status\":\"200\",\"responseTime\":\"2.358\"}","timestamp":"2024-09-13T19:43:07.681Z"}
{"level":"\u001b[32minfo\u001b[39m","message":"{\"method\":\"GET\",\"url\":\"/app/user/buyer/search-Products\",\"status\":\"200\",\"responseTime\":\"4.258\"}","timestamp":"2024-09-13T19:43:20.837Z"}
{"level":"\u001b[32minfo\u001b[39m","message":"{\"method\":\"GET\",\"url\":\"/app/user/buyer/search-Products\",\"status\":\"200\",\"responseTime\":\"3.069\"}","timestamp":"2024-09-13T19:43:50.182Z"}
{"level":"\u001b[32minfo\u001b[39m","message":"{\"method\":\"GET\",\"url\":\"/app/user/buyer/search-Products\",\"status\":\"200\",\"responseTime\":\"2.094\"}","timestamp":"2024-09-13T19:43:59.673Z"}
{"level":"\u001b[32minfo\u001b[39m","message":"{\"method\":\"GET\",\"url\":\"/app/user/buyer/search-Products\",\"status\":\"500\",\"responseTime\":\"18.640\"}","timestamp":"2024-09-13T19:44:37.222Z"}
{"level":"\u001b[32minfo\u001b[39m","message":"{\"method\":\"GET\",\"url\":\"/app/user/buyer/search-Products\",\"status\":\"200\",\"responseTime\":\"2.064\"}","timestamp":"2024-09-13T19:45:03.453Z"}
{"level":"\u001b[32minfo\u001b[39m","message":"{\"method\":\"GET\",\"url\":\"/app/user/buyer/search-Products\",\"status\":\"200\",\"responseTime\":\"4.337\"}","timestamp":"2024-09-13T19:45:13.257Z"}
{"level":"\u001b[32minfo\u001b[39m","message":"{\"method\":\"GET\",\"url\":\"/app/user/buyer/search-Products\",\"status\":\"200\",\"responseTime\":\"3.853\"}","timestamp":"2024-09-13T19:45:24.097Z"}
{"level":"\u001b[32minfo\u001b[39m","message":"{\"method\":\"GET\",\"url\":\"/app/user/buyer/search-Products\",\"status\":\"200\",\"responseTime\":\"2.116\"}","timestamp":"2024-09-13T19:46:09.125Z"}
{"level":"\u001b[32minfo\u001b[39m","message":"{\"method\":\"GET\",\"url\":\"/app/user/buyer/get-Products\",\"status\":\"403\",\"responseTime\":\"22.834\"}","timestamp":"2024-09-13T19:52:16.157Z"}
{"level":"\u001b[32minfo\u001b[39m","message":"{\"method\":\"GET\",\"url\":\"/favicon.ico\",\"status\":\"404\",\"responseTime\":\"9.697\"}","timestamp":"2024-09-13T19:52:17.155Z"}
{"level":"\u001b[32minfo\u001b[39m","message":"{\"method\":\"GET\",\"url\":\"/app/user/buyer/get-Products\",\"status\":\"403\",\"responseTime\":\"5.342\"}","timestamp":"2024-09-13T19:52:59.102Z"}
{"level":"\u001b[32minfo\u001b[39m","message":"{\"method\":\"GET\",\"url\":\"/app/user/buyer/get-Products\",\"status\":\"200\",\"responseTime\":\"154.695\"}","timestamp":"2024-09-13T19:53:21.382Z"}
